[debug] [2023-12-14T15:15:45.527Z] ----------------------------------------------------------------------
[debug] [2023-12-14T15:15:45.529Z] Command:       C:\Program Files\nodejs\node.exe C:\Users\Asus\AppData\Roaming\npm\node_modules\firebase-tools\lib\bin\firebase.js init
[debug] [2023-12-14T15:15:45.530Z] CLI Version:   12.8.1
[debug] [2023-12-14T15:15:45.530Z] Platform:      win32
[debug] [2023-12-14T15:15:45.530Z] Node Version:  v18.16.1
[debug] [2023-12-14T15:15:45.532Z] Time:          Thu Dec 14 2023 20:45:45 GMT+0530 (India Standard Time)
[debug] [2023-12-14T15:15:45.532Z] ----------------------------------------------------------------------
[debug] 
[debug] [2023-12-14T15:15:45.539Z] >>> [apiv2][query] GET https://firebase-public.firebaseio.com/cli.json [none]
[debug] [2023-12-14T15:15:45.590Z] > command requires scopes: ["email","openid","https://www.googleapis.com/auth/cloudplatformprojects.readonly","https://www.googleapis.com/auth/firebase","https://www.googleapis.com/auth/cloud-platform"]
[debug] [2023-12-14T15:15:45.590Z] > authorizing via signed-in user (vivekgogi123vg@gmail.com)
[info] 
     ######## #### ########  ######## ########     ###     ######  ########
     ##        ##  ##     ## ##       ##     ##  ##   ##  ##       ##
     ######    ##  ########  ######   ########  #########  ######  ######
     ##        ##  ##    ##  ##       ##     ## ##     ##       ## ##
     ##       #### ##     ## ######## ########  ##     ##  ######  ########

You're about to initialize a Firebase project in this directory:

  E:\SIH\Project\eco-protectors

[debug] [2023-12-14T15:15:46.387Z] <<< [apiv2][status] GET https://firebase-public.firebaseio.com/cli.json 200
[debug] [2023-12-14T15:15:46.388Z] <<< [apiv2][body] GET https://firebase-public.firebaseio.com/cli.json {"cloudBuildErrorAfter":1594252800000,"cloudBuildWarnAfter":1590019200000,"defaultNode10After":1594252800000,"minVersion":"3.0.5","node8DeploysDisabledAfter":1613390400000,"node8RuntimeDisabledAfter":1615809600000,"node8WarnAfter":1600128000000}
